[Sat Oct 25 21:24:59 2025] Session Start
[Sat Oct 25 21:25:21 2025] Create account
[Sat Oct 25 21:26:08 2025] Create account
[Sat Oct 25 21:29:33 2025] Create account
[Sat Oct 25 21:30:15 2025] Deposit
[Sat Oct 25 21:30:49 2025] Withdrawal
[Sat Oct 25 21:31:55 2025] Remittance
[Sat Oct 25 21:35:10 2025] Remittance
[Sat Oct 25 21:58:26 2025] Session Start
[Sat Oct 25 21:58:43 2025] Session Start
[Sat Oct 25 21:59:42 2025] Session Start
[Sat Oct 25 22:03:04 2025] Session Start
[Sat Oct 25 22:04:01 2025] Session Start
[Sat Oct 25 22:05:30 2025] Session Start
[Sat Oct 25 22:06:44 2025] Session Start
[Sat Oct 25 22:07:07 2025] Session Start
[Sat Oct 25 22:07:34 2025] Session Start
[Sat Oct 25 22:08:03 2025] Session Start
[Sat Oct 25 22:10:28 2025] Session Start
[Sat Oct 25 22:15:10 2025] Session Start
[Sat Oct 25 22:21:13 2025] Session Start
[Sat Oct 25 22:22:27 2025] Session Start
[Sat Oct 25 22:23:01 2025] Session Start
[Sat Oct 25 22:25:06 2025] Session Start
[Sat Oct 25 22:25:47 2025] Session Start
[Sat Oct 25 22:26:47 2025] Delete account
[Sat Oct 25 22:28:47 2025] Session Start
[Sat Oct 25 22:29:50 2025] Session Start
[Sat Oct 25 22:31:04 2025] Session Start
[Sat Oct 25 22:31:30 2025] Session Start
[Sat Oct 25 22:32:05 2025] Session Start
[Sat Oct 25 22:32:29 2025] Session Start
[Sat Oct 25 22:33:01 2025] Session Start
[Sat Oct 25 22:34:19 2025] Session Start
[Sat Oct 25 22:35:42 2025] Session Start
[Sat Oct 25 22:36:37 2025] Session Start
[Sat Oct 25 22:38:48 2025] Delete account
[Sat Oct 25 22:44:59 2025] Session Start
[Sat Oct 25 22:49:04 2025] Session Start
[Sat Oct 25 22:50:28 2025] Session Start
[Sat Oct 25 22:51:06 2025] Deposit
