[Sat Oct 25 21:24:59 2025] Session Start
[Sat Oct 25 21:25:21 2025] Create account
[Sat Oct 25 21:26:08 2025] Create account
[Sat Oct 25 21:29:33 2025] Create account
[Sat Oct 25 21:30:15 2025] Deposit
[Sat Oct 25 21:30:49 2025] Withdrawal
[Sat Oct 25 21:31:55 2025] Remittance
[Sat Oct 25 21:35:10 2025] Remittance
[Sat Oct 25 21:58:26 2025] Session Start
[Sat Oct 25 21:58:43 2025] Session Start
[Sat Oct 25 21:59:42 2025] Session Start
[Sat Oct 25 22:03:04 2025] Session Start
[Sat Oct 25 22:04:01 2025] Session Start
[Sat Oct 25 22:05:30 2025] Session Start
[Sat Oct 25 22:06:44 2025] Session Start
[Sat Oct 25 22:07:07 2025] Session Start
[Sat Oct 25 22:07:34 2025] Session Start
[Sat Oct 25 22:08:03 2025] Session Start
[Sat Oct 25 22:10:28 2025] Session Start
[Sat Oct 25 22:15:10 2025] Session Start
[Sat Oct 25 22:21:13 2025] Session Start
[Sat Oct 25 22:22:27 2025] Session Start
[Sat Oct 25 22:23:01 2025] Session Start
[Sat Oct 25 22:25:06 2025] Session Start
[Sat Oct 25 22:25:47 2025] Session Start
[Sat Oct 25 22:26:47 2025] Delete account
[Sat Oct 25 22:28:47 2025] Session Start
[Sat Oct 25 22:29:50 2025] Session Start
[Sat Oct 25 22:31:04 2025] Session Start
[Sat Oct 25 22:31:30 2025] Session Start
[Sat Oct 25 22:32:05 2025] Session Start
[Sat Oct 25 22:32:29 2025] Session Start
[Sat Oct 25 22:33:01 2025] Session Start
[Sat Oct 25 22:34:19 2025] Session Start
[Sat Oct 25 22:35:42 2025] Session Start
[Sat Oct 25 22:36:37 2025] Session Start
[Sat Oct 25 22:38:48 2025] Delete account
[Sat Oct 25 22:44:59 2025] Session Start
[Sat Oct 25 22:49:04 2025] Session Start
[Sat Oct 25 22:50:28 2025] Session Start
[Sat Oct 25 22:51:06 2025] Deposit
[Sun Oct 26 01:12:59 2025] Session Start
[Sun Oct 26 01:14:28 2025] Create account
[Sun Oct 26 01:14:52 2025] Deposit
[Sun Oct 26 01:15:07 2025] Deposit
[Sun Oct 26 01:20:39 2025] Session Start
[Sun Oct 26 01:20:45 2025] Deposit
[Sun Oct 26 01:24:52 2025] Session Start
[Sun Oct 26 01:28:32 2025] Session Start
[Sun Oct 26 01:28:35 2025] Deposit
[Sun Oct 26 01:42:35 2025] Session Start
[Sun Oct 26 01:55:37 2025] Session Start
[Sun Oct 26 01:56:07 2025] Session Start
[Sun Oct 26 02:05:09 2025] Session Start
[Sun Oct 26 02:05:58 2025] Session Start
[Sun Oct 26 02:06:43 2025] Session Start
[Sun Oct 26 02:17:33 2025] Session Start
[Sun Oct 26 02:21:16 2025] Create account
[Sun Oct 26 02:22:01 2025] Session Start
[Sun Oct 26 02:22:20 2025] Deposit
[Sun Oct 26 02:22:45 2025] Deposit
[Sun Oct 26 02:23:24 2025] Deposit
[Sun Oct 26 02:23:36 2025] Withdrawal
[Sun Oct 26 02:23:53 2025] Withdrawal
[Sun Oct 26 02:24:18 2025] Remittance
[Sun Oct 26 02:25:39 2025] Remittance
[Sun Oct 26 02:26:28 2025] Remittance
[Sun Oct 26 02:27:20 2025] Deposit
[Sun Oct 26 02:27:47 2025] Deposit
[Mon Oct 27 10:53:56 2025] Session Start
[Mon Oct 27 12:24:23 2025] Session Start
[Mon Nov 03 11:22:15 2025] Session Start
[Mon Nov 03 11:23:22 2025] Session Start
[Mon Nov 03 11:23:40 2025] Session Start
[Mon Nov 03 11:51:44 2025] Session Start
[Mon Nov 03 11:54:24 2025] Session Start
[Mon Nov 03 11:57:00 2025] Session Start
[Mon Nov 03 11:57:53 2025] Session Start
[Mon Nov 03 12:04:18 2025] Session Start
[Mon Nov 03 12:04:59 2025] Session Start
[Mon Nov 03 12:05:16 2025] Session Start
[Mon Nov 03 12:05:44 2025] Session Start
[Mon Nov 03 12:06:40 2025] Session Start
[Mon Nov 03 12:09:19 2025] Session Start
[Mon Nov 03 12:09:31 2025] Created account: 1029033
